<?xml version="1.0" encoding="UTF-8"?>
<!-- Generated by org.testng.reporters.JUnitReportReporter -->
<testsuite hostname="DEXP" name="ua.pp.krotov.GoogleTestPage" tests="1" failures="0" timestamp="6 Oct 2016 08:56:06 GMT" time="3.758" errors="0">
  <testcase name="testSearch" time="3.758" classname="ua.pp.krotov.GoogleTestPage"/>
</testsuite> <!-- ua.pp.krotov.GoogleTestPage -->
